<?xml version="1.0" encoding="UTF-8"?>
<!-- Generated by org.testng.reporters.JUnitReportReporter -->
<testsuite hostname="DESKTOP-6DB6VHT" failures="0" tests="1" name="TestNGpkg.Clickactionevent" time="14.072" errors="0" timestamp="2023-01-17T21:55:59 IST" skipped="0">
  <testcase classname="TestNGpkg.Clickactionevent" name="click" time="14.072"/>
  <system-out/>
</testsuite> <!-- TestNGpkg.Clickactionevent -->
