<?xml version="1.0" encoding="UTF-8"?>
<!-- Generated by org.testng.reporters.JUnitReportReporter -->
<testsuite hostname="DESKTOP-6DB6VHT" failures="0" tests="1" name="TestNGpkg.Fileuploadrobot" time="5.286" errors="0" timestamp="2023-01-23T14:01:44 IST" skipped="0">
  <testcase classname="TestNGpkg.Fileuploadrobot" name="main" time="5.286"/>
  <system-out/>
</testsuite> <!-- TestNGpkg.Fileuploadrobot -->
