<?xml version="1.0" encoding="UTF-8"?>
<!-- Generated by org.testng.reporters.JUnitReportReporter -->
<testsuite hostname="DESKTOP-6DB6VHT" failures="0" tests="4" name="TestNGpkg.TestNGdemo" time="13.461" errors="0" timestamp="2023-01-13T13:06:32 IST" skipped="0">
  <testcase classname="TestNGpkg.TestNGdemo" name="test" time="1.550"/>
  <system-out/>
  <testcase classname="TestNGpkg.TestNGdemo" name="test" time="6.342"/>
  <system-out/>
  <testcase classname="TestNGpkg.TestNGdemo" name="test" time="2.128"/>
  <system-out/>
  <testcase classname="TestNGpkg.TestNGdemo" name="test1" time="3.441"/>
  <system-out/>
</testsuite> <!-- TestNGpkg.TestNGdemo -->
