<?xml version="1.0" encoding="UTF-8"?>
<!-- Generated by org.testng.reporters.JUnitReportReporter -->
<testsuite hostname="DESKTOP-6DB6VHT" failures="0" tests="1" name="TestNGpkg.Multipletabopen_test" time="19.931" errors="0" timestamp="2023-01-18T15:06:08 IST" skipped="0">
  <testcase classname="TestNGpkg.Multipletabopen_test" name="browseropen" time="19.931"/>
  <system-out/>
</testsuite> <!-- TestNGpkg.Multipletabopen_test -->
