<?xml version="1.0" encoding="UTF-8"?>
<!-- Generated by org.testng.reporters.JUnitReportReporter -->
<testsuite hostname="DESKTOP-6DB6VHT" failures="0" tests="3" name="TestNGpkg.Grouptest" time="21.054" errors="0" timestamp="2023-01-13T13:29:07 IST" skipped="0">
  <testcase classname="TestNGpkg.Grouptest" name="test1" time="6.751"/>
  <system-out/>
  <testcase classname="TestNGpkg.Grouptest" name="test" time="3.381"/>
  <system-out/>
  <testcase classname="TestNGpkg.Grouptest" name="tes2" time="10.922"/>
  <system-out/>
</testsuite> <!-- TestNGpkg.Grouptest -->
