<?xml version="1.0" encoding="UTF-8"?>
<!-- Generated by org.testng.reporters.JUnitReportReporter -->
<testsuite hostname="DESKTOP-6DB6VHT" failures="0" tests="1" name="TestNGpkg.Draganddrop_actiontest" time="14.458" errors="0" timestamp="2023-01-17T21:27:28 IST" skipped="0">
  <testcase classname="TestNGpkg.Draganddrop_actiontest" name="draganddrop" time="14.458"/>
  <system-out/>
</testsuite> <!-- TestNGpkg.Draganddrop_actiontest -->
