<?xml version="1.0" encoding="UTF-8"?>
<!-- Generated by org.testng.reporters.JUnitReportReporter -->
<testsuite hostname="DESKTOP-6DB6VHT" failures="0" tests="1" name="TestNGpkg.Datepickertest" time="6.051" errors="0" timestamp="2023-01-24T13:44:04 IST" skipped="0">
  <testcase classname="TestNGpkg.Datepickertest" name="test" time="6.051"/>
  <system-out/>
</testsuite> <!-- TestNGpkg.Datepickertest -->
