<?xml version="1.0" encoding="UTF-8"?>
<!-- Generated by org.testng.reporters.JUnitReportReporter -->
<testsuite hostname="DESKTOP-6DB6VHT" failures="0" tests="1" name="POMtest.Fbloginpagetest" time="5.456" errors="0" timestamp="2023-01-25T14:12:47 IST" skipped="0">
  <testcase classname="POMtest.Fbloginpagetest" name="Fblogintest" time="5.456"/>
  <system-out/>
</testsuite> <!-- POMtest.Fbloginpagetest -->
