<?xml version="1.0" encoding="UTF-8"?>
<!-- Generated by org.testng.reporters.JUnitReportReporter -->
<testsuite hostname="DESKTOP-6DB6VHT" failures="0" tests="1" name="POMtest.Fbforgetpasswordtest" time="12.830" errors="0" timestamp="2023-01-25T15:01:24 IST" skipped="0">
  <testcase classname="POMtest.Fbforgetpasswordtest" name="passwordtest" time="12.830"/>
  <system-out/>
</testsuite> <!-- POMtest.Fbforgetpasswordtest -->
