<?xml version="1.0" encoding="UTF-8"?>
<!-- Generated by org.testng.reporters.JUnitReportReporter -->
<testsuite hostname="DESKTOP-6DB6VHT" failures="0" tests="1" name="TestNGpkg.Datadriventest" time="15.695" errors="0" timestamp="2023-01-19T14:27:37 IST" skipped="0">
  <testcase classname="TestNGpkg.Datadriventest" name="test" time="15.695"/>
  <system-out/>
</testsuite> <!-- TestNGpkg.Datadriventest -->
