<?xml version="1.0" encoding="UTF-8"?>
<!-- Generated by org.testng.reporters.JUnitReportReporter -->
<testsuite hostname="DESKTOP-6DB6VHT" failures="0" tests="3" name="TestNGpkg.Crossbrowser" time="36.622" errors="0" timestamp="2023-01-16T13:02:26 IST" skipped="0">
  <testcase classname="TestNGpkg.Crossbrowser" name="test" time="15.599"/>
  <system-out/>
  <testcase classname="TestNGpkg.Crossbrowser" name="test" time="10.305"/>
  <system-out/>
  <testcase classname="TestNGpkg.Crossbrowser" name="test" time="10.718"/>
  <system-out/>
</testsuite> <!-- TestNGpkg.Crossbrowser -->
