<?xml version="1.0" encoding="UTF-8"?>
<!-- Generated by org.testng.reporters.JUnitReportReporter -->
<testsuite hostname="DESKTOP-6DB6VHT" failures="0" tests="1" name="TestNGpkg.Ebay_test" time="11.399" errors="0" timestamp="2023-01-18T14:17:19 IST" skipped="0">
  <testcase classname="TestNGpkg.Ebay_test" name="mouseover" time="11.399"/>
  <system-out/>
</testsuite> <!-- TestNGpkg.Ebay_test -->
