<?xml version="1.0" encoding="UTF-8"?>
<!-- Generated by org.testng.reporters.JUnitReportReporter -->
<testsuite hostname="DESKTOP-6DB6VHT" failures="0" tests="1" name="TestNGpkg.Fileupload_au3test" time="5.864" errors="0" timestamp="2023-01-20T15:24:00 IST" skipped="0">
  <testcase classname="TestNGpkg.Fileupload_au3test" name="test" time="5.864"/>
  <system-out/>
</testsuite> <!-- TestNGpkg.Fileupload_au3test -->
