<?xml version="1.0" encoding="UTF-8"?>
<!-- Generated by org.testng.reporters.JUnitReportReporter -->
<testsuite hostname="DESKTOP-6DB6VHT" failures="0" tests="1" name="TestNGpkg.Fileupload_test" time="2.329" errors="0" timestamp="2023-01-20T14:12:18 IST" skipped="0">
  <testcase classname="TestNGpkg.Fileupload_test" name="fileupload" time="2.329"/>
  <system-out/>
</testsuite> <!-- TestNGpkg.Fileupload_test -->
