<?xml version="1.0" encoding="UTF-8"?>
<!-- Generated by org.testng.reporters.JUnitReportReporter -->
<testsuite hostname="DESKTOP-6DB6VHT" failures="0" tests="1" name="TestNGpkg.Actionevent_copytext" time="2.546" errors="0" timestamp="2023-01-17T21:17:13 IST" skipped="0">
  <testcase classname="TestNGpkg.Actionevent_copytext" name="test" time="2.546"/>
  <system-out/>
</testsuite> <!-- TestNGpkg.Actionevent_copytext -->
