<?xml version="1.0" encoding="UTF-8"?>
<!-- Generated by org.testng.reporters.JUnitReportReporter -->
<testsuite hostname="DESKTOP-6DB6VHT" failures="0" tests="1" name="TestNGpkg.Parameterization" time="11.542" errors="0" timestamp="2023-01-16T12:31:19 IST" skipped="0">
  <testcase classname="TestNGpkg.Parameterization" name="test" time="11.542"/>
  <system-out/>
</testsuite> <!-- TestNGpkg.Parameterization -->
